     1                                  ;
     2                                  ;This program will test out the functions library
     3                                  ;
     4                                  ;
     5                                  ;Include our external functions library functions
     6                                  
     7                                  sys_exit	equ	1h
     8                                  sys_read	equ	3h
     9                                  sys_write	equ	4h
    10                                  stdin		equ	0h
    11                                  stdout		equ	1h
    12                                  stderr		equ	3h
    13                                  
    14                                  bits 32
    15                                  
    16                                  SECTION .data
    17                                  
    18 00000000 0D0A00                  	szLF db 0dh,0ah,0h
    19                                  
    20                                  SECTION .bss
    21                                  	
    22                                   
    23                                  SECTION     .text
    24                                  	
    25                                  	global	DisplayText
    26                                  	global	Displayendl
    27                                  	
    28 00000000 90                      	nop
    29                                  
    30                                  	
    31                                  DisplayText:
    32                                  
    33 00000001 B804000000              	mov		eax,04h		;Move the write code into eax
    34 00000006 BB01000000              	mov		ebx,01h			;Move the code fron stdout into ebx
    35 0000000B CD80                    	int		80h				;Poke the kernal
    36 0000000D C3                      	ret
    37                                  
    38                                  
    39                                  
    40                                  Displayendl:
    41                                  
    42 0000000E B9[00000000]            	mov	ecx, szLF			;Move address of characters to ecx
    43 00000013 BA03000000              	mov	edx,03h				;Move length of characters to edx	
    44 00000018 B804000000              	mov eax,04h             ;What are we going to do? Write
    45 0000001D BB01000000              	mov ebx,01h             ;Write to what?
    46 00000022 CD80                    	int 80h                 ;Poke the kernel
    47                                  	
    48 00000024 90                      nop
    49                                  	
    50 00000025 B801000000              	mov		eax,1							;What are we going to do? Exit!
    51 0000002A BB00000000              	mov		ebx,0							;Return code
    52 0000002F CD80                    	int		80h								;Poke the kernel
    53                                  
    54                                  	
    55                                  
    56                                  
